#
# There is insufficient memory for the Java Runtime Environment to continue.
# Native memory allocation (malloc) failed to allocate 2224128 bytes. Error detail: Chunk::new
# Possible reasons:
#   The system is out of physical RAM or swap space
#   This process is running with CompressedOops enabled, and the Java Heap may be blocking the growth of the native heap
# Possible solutions:
#   Reduce memory load on the system
#   Increase physical memory or swap space
#   Check if swap backing store is full
#   Decrease Java heap size (-Xmx/-Xms)
#   Decrease number of Java threads
#   Decrease Java thread stack sizes (-Xss)
#   Set larger code cache with -XX:ReservedCodeCacheSize=
#   JVM is running with Unscaled Compressed Oops mode in which the Java heap is
#     placed in the first 4GB address space. The Java Heap base address is the
#     maximum limit for the native heap growth. Please use -XX:HeapBaseMinAddress
#     to set the Java Heap base and to place the Java Heap above 4GB virtual address.
# This output file may be truncated or incomplete.
#
#  Out of Memory Error (arena.cpp:168), pid=17400, tid=15104
#
# JRE version: OpenJDK Runtime Environment Temurin-21.0.9+10 (21.0.9+10) (build 21.0.9+10-LTS)
# Java VM: OpenJDK 64-Bit Server VM Temurin-21.0.9+10 (21.0.9+10-LTS, mixed mode, sharing, tiered, compressed oops, compressed class ptrs, parallel gc, windows-amd64)
# No core dump will be written. Minidumps are not enabled by default on client versions of Windows
#

---------------  S U M M A R Y ------------

Command Line: --add-modules=ALL-SYSTEM --add-opens=java.base/java.util=ALL-UNNAMED --add-opens=java.base/java.lang=ALL-UNNAMED --add-opens=java.base/sun.nio.fs=ALL-UNNAMED -Declipse.application=org.eclipse.jdt.ls.core.id1 -Dosgi.bundles.defaultStartLevel=4 -Declipse.product=org.eclipse.jdt.ls.core.product -Djava.import.generatesMetadataFilesAtProjectRoot=false -DDetectVMInstallationsJob.disabled=true -Dfile.encoding=utf8 -XX:+UseParallelGC -XX:GCTimeRatio=4 -XX:AdaptiveSizePolicyWeight=90 -Dsun.zip.disableMemoryMapping=true -Xmx2G -Xms100m -Xlog:disable -javaagent:c:\Users\ankit\.vscode\extensions\redhat.java-1.52.0-win32-x64\lombok\lombok-1.18.39-4050.jar -XX:+HeapDumpOnOutOfMemoryError -XX:HeapDumpPath=c:\Users\ankit\AppData\Roaming\Code\User\workspaceStorage\735c21d7b1809487892ba1ae36f0ccb2\redhat.java -Daether.dependencyCollector.impl=bf c:\Users\ankit\.vscode\extensions\redhat.java-1.52.0-win32-x64\server\plugins\org.eclipse.equinox.launcher_1.7.100.v20251111-0406.jar -configuration c:\Users\ankit\AppData\Roaming\Code\User\globalStorage\redhat.java\1.52.0\config_win -data c:\Users\ankit\AppData\Roaming\Code\User\workspaceStorage\735c21d7b1809487892ba1ae36f0ccb2\redhat.java\jdt_ws --pipe=\\.\pipe\lsp-6d3364c9ee0fd7aadb98ed79b2827e06-sock

Host: 11th Gen Intel(R) Core(TM) i5-11400H @ 2.70GHz, 12 cores, 7G,  Windows 11 , 64 bit Build 26100 (10.0.26100.7653)
Time: Fri Jan 30 00:29:46 2026 India Standard Time elapsed time: 1506.612505 seconds (0d 0h 25m 6s)

---------------  T H R E A D  ---------------

Current thread (0x0000023d6dc643e0):  JavaThread "C2 CompilerThread1" daemon [_thread_in_native, id=15104, stack(0x0000009404300000,0x0000009404400000) (1024K)]


Current CompileTask:
C2:1506612 12029       4       org.lombokweb.asm.SymbolTable::<init> (554 bytes)

Stack: [0x0000009404300000,0x0000009404400000]
Native frames: (J=compiled Java code, j=interpreted, Vv=VM code, C=native code)
V  [jvm.dll+0x6d6e29]
V  [jvm.dll+0x8b4b76]
V  [jvm.dll+0x8b712e]
V  [jvm.dll+0x8b7813]
V  [jvm.dll+0x283d86]
V  [jvm.dll+0xc66ed]
V  [jvm.dll+0xc6c31]
V  [jvm.dll+0x3be53b]
V  [jvm.dll+0x1e3d59]
V  [jvm.dll+0x24c0f3]
V  [jvm.dll+0x24b580]
V  [jvm.dll+0x1cb13e]
V  [jvm.dll+0x25b29d]
V  [jvm.dll+0x25982a]
V  [jvm.dll+0x3f7ea6]
V  [jvm.dll+0x85e9ad]
V  [jvm.dll+0x6d565d]
C  [ucrtbase.dll+0x37b0]
C  [KERNEL32.DLL+0x2e8d7]
C  [ntdll.dll+0x8c40c]


---------------  P R O C E S S  ---------------

Threads class SMR info:
_java_thread_list=0x0000023d694eff50, length=49, elements={
0x0000023d0b3ee160, 0x0000023d690044b0, 0x0000023d690056d0, 0x0000023d6900c1d0,
0x0000023d6900ce20, 0x0000023d690126b0, 0x0000023d69016040, 0x0000023d69044b20,
0x0000023d69049b20, 0x0000023d692b20e0, 0x0000023d69394310, 0x0000023d69e05290,
0x0000023d69e08080, 0x0000023d69e04c00, 0x0000023d69e06cd0, 0x0000023d69e05920,
0x0000023d69e079f0, 0x0000023d69e08da0, 0x0000023d69e09430, 0x0000023d69e06640,
0x0000023d69e09ac0, 0x0000023d69e0a150, 0x0000023d69e0ae70, 0x0000023d69e0b500,
0x0000023d6e018110, 0x0000023d6e0194c0, 0x0000023d6e018e30, 0x0000023d6e01a870,
0x0000023d6e017a80, 0x0000023d6e019b50, 0x0000023d6e01b590, 0x0000023d6e01af00,
0x0000023d6e01bc20, 0x0000023d6e0187a0, 0x0000023d6e01a1e0, 0x0000023d6e01cfd0,
0x0000023d6e01dcf0, 0x0000023d6e01d660, 0x0000023d6df1f010, 0x0000023d6df22b20,
0x0000023d6df24bf0, 0x0000023d6df21770, 0x0000023d6df25280, 0x0000023d6df24560,
0x0000023d6df23ed0, 0x0000023d6df25910, 0x0000023d6df25fa0, 0x0000023d6dc643e0,
0x0000023d6df231b0
}

Java Threads: ( => current thread )
  0x0000023d0b3ee160 JavaThread "main"                              [_thread_blocked, id=12204, stack(0x0000009401c00000,0x0000009401d00000) (1024K)]
  0x0000023d690044b0 JavaThread "Reference Handler"          daemon [_thread_blocked, id=3568, stack(0x0000009402000000,0x0000009402100000) (1024K)]
  0x0000023d690056d0 JavaThread "Finalizer"                  daemon [_thread_blocked, id=17336, stack(0x0000009402100000,0x0000009402200000) (1024K)]
  0x0000023d6900c1d0 JavaThread "Signal Dispatcher"          daemon [_thread_blocked, id=3588, stack(0x0000009402200000,0x0000009402300000) (1024K)]
  0x0000023d6900ce20 JavaThread "Attach Listener"            daemon [_thread_blocked, id=17340, stack(0x0000009402300000,0x0000009402400000) (1024K)]
  0x0000023d690126b0 JavaThread "Service Thread"             daemon [_thread_blocked, id=16628, stack(0x0000009402400000,0x0000009402500000) (1024K)]
  0x0000023d69016040 JavaThread "Monitor Deflation Thread"   daemon [_thread_blocked, id=16624, stack(0x0000009402500000,0x0000009402600000) (1024K)]
  0x0000023d69044b20 JavaThread "C2 CompilerThread0"         daemon [_thread_blocked, id=16616, stack(0x0000009402600000,0x0000009402700000) (1024K)]
  0x0000023d69049b20 JavaThread "C1 CompilerThread0"         daemon [_thread_blocked, id=16604, stack(0x0000009402700000,0x0000009402800000) (1024K)]
  0x0000023d692b20e0 JavaThread "Common-Cleaner"             daemon [_thread_blocked, id=17100, stack(0x0000009402900000,0x0000009402a00000) (1024K)]
  0x0000023d69394310 JavaThread "Notification Thread"        daemon [_thread_blocked, id=11192, stack(0x0000009402800000,0x0000009402900000) (1024K)]
  0x0000023d69e05290 JavaThread "Active Thread: Equinox Container: 0a042a05-70f1-42f9-b138-b6718b8e6ce6"        [_thread_blocked, id=13124, stack(0x0000009403800000,0x0000009403900000) (1024K)]
  0x0000023d69e08080 JavaThread "Framework Event Dispatcher: Equinox Container: 0a042a05-70f1-42f9-b138-b6718b8e6ce6" daemon [_thread_blocked, id=15724, stack(0x0000009402a00000,0x0000009402b00000) (1024K)]
  0x0000023d69e04c00 JavaThread "Start Level: Equinox Container: 0a042a05-70f1-42f9-b138-b6718b8e6ce6" daemon [_thread_blocked, id=17132, stack(0x0000009403100000,0x0000009403200000) (1024K)]
  0x0000023d69e06cd0 JavaThread "Bundle File Closer"         daemon [_thread_blocked, id=16112, stack(0x0000009403200000,0x0000009403300000) (1024K)]
  0x0000023d69e05920 JavaThread "Refresh Thread: Equinox Container: 0a042a05-70f1-42f9-b138-b6718b8e6ce6" daemon [_thread_blocked, id=12680, stack(0x0000009403400000,0x0000009403500000) (1024K)]
  0x0000023d69e079f0 JavaThread "SCR Component Actor"        daemon [_thread_blocked, id=18384, stack(0x0000009403500000,0x0000009403600000) (1024K)]
  0x0000023d69e08da0 JavaThread "Worker-JM"                         [_thread_blocked, id=18352, stack(0x0000009403a00000,0x0000009403b00000) (1024K)]
  0x0000023d69e09430 JavaThread "JNA Cleaner"                daemon [_thread_blocked, id=15656, stack(0x0000009403b00000,0x0000009403c00000) (1024K)]
  0x0000023d69e06640 JavaThread "Worker-0"                          [_thread_blocked, id=5252, stack(0x0000009403c00000,0x0000009403d00000) (1024K)]
  0x0000023d69e09ac0 JavaThread "Worker-2"                          [_thread_blocked, id=16572, stack(0x0000009403e00000,0x0000009403f00000) (1024K)]
  0x0000023d69e0a150 JavaThread "Java indexing"              daemon [_thread_blocked, id=18336, stack(0x0000009403f00000,0x0000009404000000) (1024K)]
  0x0000023d69e0ae70 JavaThread "Thread-1"                   daemon [_thread_in_native, id=17460, stack(0x0000009404500000,0x0000009404600000) (1024K)]
  0x0000023d69e0b500 JavaThread "Thread-2"                   daemon [_thread_in_native, id=14736, stack(0x0000009404600000,0x0000009404700000) (1024K)]
  0x0000023d6e018110 JavaThread "Thread-3"                   daemon [_thread_in_native, id=12528, stack(0x0000009404700000,0x0000009404800000) (1024K)]
  0x0000023d6e0194c0 JavaThread "Thread-4"                   daemon [_thread_in_native, id=9792, stack(0x0000009404800000,0x0000009404900000) (1024K)]
  0x0000023d6e018e30 JavaThread "Thread-5"                   daemon [_thread_in_native, id=8852, stack(0x0000009404900000,0x0000009404a00000) (1024K)]
  0x0000023d6e01a870 JavaThread "Thread-6"                   daemon [_thread_in_native, id=9768, stack(0x0000009404a00000,0x0000009404b00000) (1024K)]
  0x0000023d6e017a80 JavaThread "Thread-7"                   daemon [_thread_in_native, id=10516, stack(0x0000009404b00000,0x0000009404c00000) (1024K)]
  0x0000023d6e019b50 JavaThread "Thread-8"                   daemon [_thread_in_native, id=14908, stack(0x0000009404c00000,0x0000009404d00000) (1024K)]
  0x0000023d6e01b590 JavaThread "Thread-9"                   daemon [_thread_in_native, id=14964, stack(0x0000009404d00000,0x0000009404e00000) (1024K)]
  0x0000023d6e01af00 JavaThread "Thread-10"                  daemon [_thread_in_native, id=6576, stack(0x0000009404e00000,0x0000009404f00000) (1024K)]
  0x0000023d6e01bc20 JavaThread "Thread-11"                  daemon [_thread_in_native, id=17624, stack(0x0000009404f00000,0x0000009405000000) (1024K)]
  0x0000023d6e0187a0 JavaThread "Thread-12"                  daemon [_thread_in_native, id=836, stack(0x0000009405000000,0x0000009405100000) (1024K)]
  0x0000023d6e01a1e0 JavaThread "Thread-13"                  daemon [_thread_in_native, id=1896, stack(0x0000009405100000,0x0000009405200000) (1024K)]
  0x0000023d6e01cfd0 JavaThread "pool-2-thread-1"                   [_thread_blocked, id=14056, stack(0x0000009405200000,0x0000009405300000) (1024K)]
  0x0000023d6e01dcf0 JavaThread "WorkspaceEventsHandler"            [_thread_blocked, id=17544, stack(0x0000009405300000,0x0000009405400000) (1024K)]
  0x0000023d6e01d660 JavaThread "pool-1-thread-1"                   [_thread_blocked, id=13328, stack(0x0000009405400000,0x0000009405500000) (1024K)]
  0x0000023d6df1f010 JavaThread "ForkJoinPool.commonPool-worker-12" daemon [_thread_blocked, id=9560, stack(0x0000009401900000,0x0000009401a00000) (1024K)]
  0x0000023d6df22b20 JavaThread "ForkJoinPool.commonPool-worker-13" daemon [_thread_blocked, id=9528, stack(0x0000009401a00000,0x0000009401b00000) (1024K)]
  0x0000023d6df24bf0 JavaThread "ForkJoinPool.commonPool-worker-14" daemon [_thread_blocked, id=252, stack(0x0000009401b00000,0x0000009401c00000) (1024K)]
  0x0000023d6df21770 JavaThread "ForkJoinPool.commonPool-worker-15" daemon [_thread_blocked, id=17520, stack(0x0000009403700000,0x0000009403800000) (1024K)]
  0x0000023d6df25280 JavaThread "ForkJoinPool.commonPool-worker-16" daemon [_thread_blocked, id=16636, stack(0x0000009403900000,0x0000009403a00000) (1024K)]
  0x0000023d6df24560 JavaThread "ForkJoinPool.commonPool-worker-17" daemon [_thread_blocked, id=9204, stack(0x0000009403d00000,0x0000009403e00000) (1024K)]
  0x0000023d6df23ed0 JavaThread "ForkJoinPool.commonPool-worker-18" daemon [_thread_blocked, id=12688, stack(0x0000009404000000,0x0000009404100000) (1024K)]
  0x0000023d6df25910 JavaThread "ForkJoinPool.commonPool-worker-19" daemon [_thread_blocked, id=4088, stack(0x0000009404100000,0x0000009404200000) (1024K)]
  0x0000023d6df25fa0 JavaThread "ForkJoinPool.commonPool-worker-20" daemon [_thread_blocked, id=1712, stack(0x0000009404200000,0x0000009404300000) (1024K)]
=>0x0000023d6dc643e0 JavaThread "C2 CompilerThread1"         daemon [_thread_in_native, id=15104, stack(0x0000009404300000,0x0000009404400000) (1024K)]
  0x0000023d6df231b0 JavaThread "Cleaner-0"                  daemon [_thread_blocked, id=5676, stack(0x0000009405500000,0x0000009405600000) (1024K)]
Total: 49

Other Threads:
  0x0000023d21e837e0 VMThread "VM Thread"                           [id=9184, stack(0x0000009401f00000,0x0000009402000000) (1024K)]
  0x0000023d0b45a050 WatcherThread "VM Periodic Task Thread"        [id=9096, stack(0x0000009401e00000,0x0000009401f00000) (1024K)]
  0x0000023d0b40c470 WorkerThread "GC Thread#0"                     [id=15956, stack(0x0000009401d00000,0x0000009401e00000) (1024K)]
  0x0000023d69407840 WorkerThread "GC Thread#1"                     [id=16648, stack(0x0000009402b00000,0x0000009402c00000) (1024K)]
  0x0000023d698a3130 WorkerThread "GC Thread#2"                     [id=15952, stack(0x0000009402c00000,0x0000009402d00000) (1024K)]
  0x0000023d698a34d0 WorkerThread "GC Thread#3"                     [id=12104, stack(0x0000009402d00000,0x0000009402e00000) (1024K)]
  0x0000023d696cbb50 WorkerThread "GC Thread#4"                     [id=8936, stack(0x0000009402e00000,0x0000009402f00000) (1024K)]
  0x0000023d696cbef0 WorkerThread "GC Thread#5"                     [id=15364, stack(0x0000009402f00000,0x0000009403000000) (1024K)]
  0x0000023d698d4e10 WorkerThread "GC Thread#6"                     [id=13368, stack(0x0000009403000000,0x0000009403100000) (1024K)]
  0x0000023d6926f7a0 WorkerThread "GC Thread#7"                     [id=14392, stack(0x0000009403300000,0x0000009403400000) (1024K)]
  0x0000023d69fd9450 WorkerThread "GC Thread#8"                     [id=17488, stack(0x0000009403600000,0x0000009403700000) (1024K)]
  0x0000023d69fd9b90 WorkerThread "GC Thread#9"                     [id=17492, stack(0x0000009404400000,0x0000009404500000) (1024K)]
Total: 12

Threads with active compile tasks:
C2 CompilerThread1  1506638 12029       4       org.lombokweb.asm.SymbolTable::<init> (554 bytes)
Total: 1

VM state: not at safepoint (normal execution)

VM Mutex/Monitor currently owned by a thread: None

Heap address: 0x0000000080000000, size: 2048 MB, Compressed Oops mode: 32-bit

CDS archive(s) mapped at: [0x0000023d22000000-0x0000023d22ba0000-0x0000023d22ba0000), size 12189696, SharedBaseAddress: 0x0000023d22000000, ArchiveRelocationMode: 1.
Compressed class space mapped at: 0x0000023d23000000-0x0000023d63000000, reserved size: 1073741824
Narrow klass base: 0x0000023d22000000, Narrow klass shift: 0, Narrow klass range: 0x100000000

GC Precious Log:
 CardTable entry size: 512
 CPUs: 12 total, 12 available
 Memory: 7830M
 Large Page Support: Disabled
 NUMA Support: Disabled
 Compressed Oops: Enabled (32-bit)
 Alignments: Space 512K, Generation 512K, Heap 2M
 Heap Min Capacity: 100M
 Heap Initial Capacity: 100M
 Heap Max Capacity: 2G
 Pre-touch: Disabled
 Parallel Workers: 10

Heap:
 PSYoungGen      total 9216K, used 5410K [0x00000000d5580000, 0x00000000d6100000, 0x0000000100000000)
  eden space 7168K, 65% used [0x00000000d5580000,0x00000000d5a18860,0x00000000d5c80000)
  from space 2048K, 34% used [0x00000000d5d80000,0x00000000d5e30000,0x00000000d5f80000)
  to   space 1024K, 0% used [0x00000000d6000000,0x00000000d6000000,0x00000000d6100000)
 ParOldGen       total 84992K, used 59361K [0x0000000080000000, 0x0000000085300000, 0x00000000d5580000)
  object space 84992K, 69% used [0x0000000080000000,0x00000000839f8458,0x0000000085300000)
 Metaspace       used 66770K, committed 68160K, reserved 1114112K
  class space    used 7027K, committed 7616K, reserved 1048576K

Card table byte_map: [0x0000023d0adb0000,0x0000023d0b1c0000] _byte_map_base: 0x0000023d0a9b0000

Marking Bits: (ParMarkBitMap*) 0x00007ffe24e82460
 Begin Bits: [0x0000023d1d8a0000, 0x0000023d1f8a0000)
 End Bits:   [0x0000023d1f8a0000, 0x0000023d218a0000)

Polling page: 0x0000023d094e0000

Metaspace:

Usage:
  Non-class:     58.34 MB used.
      Class:      6.86 MB used.
       Both:     65.21 MB used.

Virtual space:
  Non-class space:       64.00 MB reserved,      59.12 MB ( 92%) committed,  1 nodes.
      Class space:        1.00 GB reserved,       7.44 MB ( <1%) committed,  1 nodes.
             Both:        1.06 GB reserved,      66.56 MB (  6%) committed. 

Chunk freelists:
   Non-Class:  4.14 MB
       Class:  8.58 MB
        Both:  12.72 MB

MaxMetaspaceSize: unlimited
CompressedClassSpaceSize: 1.00 GB
Initial GC threshold: 21.00 MB
Current GC threshold: 107.94 MB
CDS: on
 - commit_granule_bytes: 65536.
 - commit_granule_words: 8192.
 - virtual_space_node_default_size: 8388608.
 - enlarge_chunks_in_place: 1.
 - use_allocation_guard: 0.


Internal statistics:

num_allocs_failed_limit: 11.
num_arena_births: 1172.
num_arena_deaths: 20.
num_vsnodes_births: 2.
num_vsnodes_deaths: 0.
num_space_committed: 1065.
num_space_uncommitted: 0.
num_chunks_returned_to_freelist: 34.
num_chunks_taken_from_freelist: 4407.
num_chunk_merges: 16.
num_chunk_splits: 2650.
num_chunks_enlarged: 1405.
num_inconsistent_stats: 0.

CodeHeap 'non-profiled nmethods': size=120000Kb used=6926Kb max_used=7743Kb free=113073Kb
 bounds [0x0000023d160c0000, 0x0000023d16870000, 0x0000023d1d5f0000]
CodeHeap 'profiled nmethods': size=120000Kb used=20986Kb max_used=24707Kb free=99013Kb
 bounds [0x0000023d0e5f0000, 0x0000023d0fe20000, 0x0000023d15b20000]
CodeHeap 'non-nmethods': size=5760Kb used=1456Kb max_used=1512Kb free=4303Kb
 bounds [0x0000023d15b20000, 0x0000023d15d90000, 0x0000023d160c0000]
CodeCache: size=245760Kb, used=29368Kb, max_used=33962Kb, free=216389Kb
 total_blobs=10601, nmethods=9835, adapters=672, full_count=0
Compilation: enabled, stopped_count=0, restarted_count=0

Compilation events (20 events):
Event: 1504.652 Thread 0x0000023d69049b20 nmethod 12033 0x0000023d0e890810 code [0x0000023d0e8909a0, 0x0000023d0e890aa8]
Event: 1504.655 Thread 0x0000023d69049b20 12034       3       org.eclipse.lsp4j.jsonrpc.json.adapters.TupleTypeAdapters$TwoTypeAdapterFactory::create (22 bytes)
Event: 1504.656 Thread 0x0000023d69049b20 nmethod 12034 0x0000023d0e710c90 code [0x0000023d0e710e60, 0x0000023d0e711108]
Event: 1504.656 Thread 0x0000023d69049b20 12035       3       org.eclipse.lsp4j.jsonrpc.json.adapters.EitherTypeAdapter$Factory::create (22 bytes)
Event: 1504.656 Thread 0x0000023d69049b20 nmethod 12035 0x0000023d0e780c90 code [0x0000023d0e780e60, 0x0000023d0e7810d8]
Event: 1504.669 Thread 0x0000023d69049b20 12036       3       java.lang.Class::isRecord (33 bytes)
Event: 1504.669 Thread 0x0000023d69049b20 nmethod 12036 0x0000023d0e6eff90 code [0x0000023d0e6f0160, 0x0000023d0e6f03c8]
Event: 1504.670 Thread 0x0000023d69049b20 12038   !   3       com.google.gson.internal.bind.ReflectiveTypeAdapterFactory$Adapter::write (73 bytes)
Event: 1504.671 Thread 0x0000023d69049b20 nmethod 12038 0x0000023d0e675110 code [0x0000023d0e6753e0, 0x0000023d0e676138]
Event: 1504.671 Thread 0x0000023d69049b20 12040       3       java.lang.invoke.DirectMethodHandle$Holder::getInt (28 bytes)
Event: 1504.671 Thread 0x0000023d69049b20 nmethod 12040 0x0000023d0e810610 code [0x0000023d0e8107e0, 0x0000023d0e810de8]
Event: 1504.671 Thread 0x0000023d69049b20 12042       1       org.eclipse.lsp4j.jsonrpc.messages.Either::getRight (5 bytes)
Event: 1504.671 Thread 0x0000023d69049b20 nmethod 12042 0x0000023d1633f390 code [0x0000023d1633f520, 0x0000023d1633f5e8]
Event: 1504.959 Thread 0x0000023d69044b20 nmethod 11927% 0x0000023d1684ff10 code [0x0000023d16850820, 0x0000023d1685b028]
Event: 1504.960 Thread 0x0000023d69044b20 12041       4       java.io.StringWriter::write (10 bytes)
Event: 1504.968 Thread 0x0000023d69044b20 nmethod 12041 0x0000023d1642c390 code [0x0000023d1642c5a0, 0x0000023d1642d0a8]
Event: 1504.968 Thread 0x0000023d69044b20 12037       4       java.lang.invoke.MethodType::methodType (44 bytes)
Event: 1504.970 Thread 0x0000023d69044b20 nmethod 12037 0x0000023d1652df10 code [0x0000023d1652e0c0, 0x0000023d1652e288]
Event: 1504.970 Thread 0x0000023d69044b20 12039       4       java.util.HashMap::newHashMap (44 bytes)
Event: 1504.972 Thread 0x0000023d69044b20 nmethod 12039 0x0000023d16605410 code [0x0000023d166055c0, 0x0000023d16605760]

GC Heap History (20 events):
Event: 1497.821 GC heap before
{Heap before GC invocations=80 (full 3):
 PSYoungGen      total 11776K, used 11360K [0x00000000d5580000, 0x00000000d6c80000, 0x0000000100000000)
  eden space 5632K, 100% used [0x00000000d5580000,0x00000000d5b00000,0x00000000d5b00000)
  from space 6144K, 93% used [0x00000000d6680000,0x00000000d6c18000,0x00000000d6c80000)
  to   space 7168K, 0% used [0x00000000d5e80000,0x00000000d5e80000,0x00000000d6580000)
 ParOldGen       total 79360K, used 76218K [0x0000000080000000, 0x0000000084d80000, 0x00000000d5580000)
  object space 79360K, 96% used [0x0000000080000000,0x0000000084a6eb20,0x0000000084d80000)
 Metaspace       used 62848K, committed 64192K, reserved 1114112K
  class space    used 6662K, committed 7232K, reserved 1048576K
}
Event: 1497.832 GC heap after
{Heap after GC invocations=80 (full 3):
 PSYoungGen      total 9216K, used 3360K [0x00000000d5580000, 0x00000000d6700000, 0x0000000100000000)
  eden space 5632K, 0% used [0x00000000d5580000,0x00000000d5580000,0x00000000d5b00000)
  from space 3584K, 93% used [0x00000000d5e80000,0x00000000d61c8000,0x00000000d6200000)
  to   space 4608K, 0% used [0x00000000d6280000,0x00000000d6280000,0x00000000d6700000)
 ParOldGen       total 81920K, used 81906K [0x0000000080000000, 0x0000000085000000, 0x00000000d5580000)
  object space 81920K, 99% used [0x0000000080000000,0x0000000084ffcb20,0x0000000085000000)
 Metaspace       used 62848K, committed 64192K, reserved 1114112K
  class space    used 6662K, committed 7232K, reserved 1048576K
}
Event: 1498.177 GC heap before
{Heap before GC invocations=81 (full 3):
 PSYoungGen      total 9216K, used 8992K [0x00000000d5580000, 0x00000000d6700000, 0x0000000100000000)
  eden space 5632K, 100% used [0x00000000d5580000,0x00000000d5b00000,0x00000000d5b00000)
  from space 3584K, 93% used [0x00000000d5e80000,0x00000000d61c8000,0x00000000d6200000)
  to   space 4608K, 0% used [0x00000000d6280000,0x00000000d6280000,0x00000000d6700000)
 ParOldGen       total 81920K, used 81906K [0x0000000080000000, 0x0000000085000000, 0x00000000d5580000)
  object space 81920K, 99% used [0x0000000080000000,0x0000000084ffcb20,0x0000000085000000)
 Metaspace       used 63363K, committed 64768K, reserved 1114112K
  class space    used 6703K, committed 7296K, reserved 1048576K
}
Event: 1498.183 GC heap after
{Heap after GC invocations=81 (full 3):
 PSYoungGen      total 6656K, used 620K [0x00000000d5580000, 0x00000000d6380000, 0x0000000100000000)
  eden space 5632K, 0% used [0x00000000d5580000,0x00000000d5580000,0x00000000d5b00000)
  from space 1024K, 60% used [0x00000000d6280000,0x00000000d631b170,0x00000000d6380000)
  to   space 2048K, 0% used [0x00000000d5f80000,0x00000000d5f80000,0x00000000d6180000)
 ParOldGen       total 85504K, used 85114K [0x0000000080000000, 0x0000000085380000, 0x00000000d5580000)
  object space 85504K, 99% used [0x0000000080000000,0x000000008531eb20,0x0000000085380000)
 Metaspace       used 63363K, committed 64768K, reserved 1114112K
  class space    used 6703K, committed 7296K, reserved 1048576K
}
Event: 1498.470 GC heap before
{Heap before GC invocations=82 (full 3):
 PSYoungGen      total 6656K, used 6226K [0x00000000d5580000, 0x00000000d6380000, 0x0000000100000000)
  eden space 5632K, 99% used [0x00000000d5580000,0x00000000d5af9878,0x00000000d5b00000)
  from space 1024K, 60% used [0x00000000d6280000,0x00000000d631b170,0x00000000d6380000)
  to   space 2048K, 0% used [0x00000000d5f80000,0x00000000d5f80000,0x00000000d6180000)
 ParOldGen       total 85504K, used 85114K [0x0000000080000000, 0x0000000085380000, 0x00000000d5580000)
  object space 85504K, 99% used [0x0000000080000000,0x000000008531eb20,0x0000000085380000)
 Metaspace       used 63745K, committed 65088K, reserved 1114112K
  class space    used 6734K, committed 7296K, reserved 1048576K
}
Event: 1498.472 GC heap after
{Heap after GC invocations=82 (full 3):
 PSYoungGen      total 7680K, used 1044K [0x00000000d5580000, 0x00000000d6300000, 0x0000000100000000)
  eden space 5632K, 0% used [0x00000000d5580000,0x00000000d5580000,0x00000000d5b00000)
  from space 2048K, 51% used [0x00000000d5f80000,0x00000000d6085240,0x00000000d6180000)
  to   space 1536K, 0% used [0x00000000d6180000,0x00000000d6180000,0x00000000d6300000)
 ParOldGen       total 86016K, used 85575K [0x0000000080000000, 0x0000000085400000, 0x00000000d5580000)
  object space 86016K, 99% used [0x0000000080000000,0x0000000085391eb0,0x0000000085400000)
 Metaspace       used 63745K, committed 65088K, reserved 1114112K
  class space    used 6734K, committed 7296K, reserved 1048576K
}
Event: 1498.559 GC heap before
{Heap before GC invocations=83 (full 3):
 PSYoungGen      total 7680K, used 6676K [0x00000000d5580000, 0x00000000d6300000, 0x0000000100000000)
  eden space 5632K, 100% used [0x00000000d5580000,0x00000000d5b00000,0x00000000d5b00000)
  from space 2048K, 51% used [0x00000000d5f80000,0x00000000d6085240,0x00000000d6180000)
  to   space 1536K, 0% used [0x00000000d6180000,0x00000000d6180000,0x00000000d6300000)
 ParOldGen       total 86016K, used 85575K [0x0000000080000000, 0x0000000085400000, 0x00000000d5580000)
  object space 86016K, 99% used [0x0000000080000000,0x0000000085391eb0,0x0000000085400000)
 Metaspace       used 64316K, committed 65728K, reserved 1114112K
  class space    used 6781K, committed 7360K, reserved 1048576K
}
Event: 1498.562 GC heap after
{Heap after GC invocations=83 (full 3):
 PSYoungGen      total 6656K, used 633K [0x00000000d5580000, 0x00000000d6280000, 0x0000000100000000)
  eden space 5632K, 0% used [0x00000000d5580000,0x00000000d5580000,0x00000000d5b00000)
  from space 1024K, 61% used [0x00000000d6180000,0x00000000d621e438,0x00000000d6280000)
  to   space 1024K, 0% used [0x00000000d6080000,0x00000000d6080000,0x00000000d6180000)
 ParOldGen       total 86528K, used 86481K [0x0000000080000000, 0x0000000085480000, 0x00000000d5580000)
  object space 86528K, 99% used [0x0000000080000000,0x00000000854746e8,0x0000000085480000)
 Metaspace       used 64316K, committed 65728K, reserved 1114112K
  class space    used 6781K, committed 7360K, reserved 1048576K
}
Event: 1498.630 GC heap before
{Heap before GC invocations=84 (full 3):
 PSYoungGen      total 6656K, used 6265K [0x00000000d5580000, 0x00000000d6280000, 0x0000000100000000)
  eden space 5632K, 100% used [0x00000000d5580000,0x00000000d5b00000,0x00000000d5b00000)
  from space 1024K, 61% used [0x00000000d6180000,0x00000000d621e438,0x00000000d6280000)
  to   space 1024K, 0% used [0x00000000d6080000,0x00000000d6080000,0x00000000d6180000)
 ParOldGen       total 86528K, used 86481K [0x0000000080000000, 0x0000000085480000, 0x00000000d5580000)
  object space 86528K, 99% used [0x0000000080000000,0x00000000854746e8,0x0000000085480000)
 Metaspace       used 64810K, committed 66240K, reserved 1114112K
  class space    used 6830K, committed 7424K, reserved 1048576K
}
Event: 1498.632 GC heap after
{Heap after GC invocations=84 (full 3):
 PSYoungGen      total 6144K, used 448K [0x00000000d5580000, 0x00000000d6200000, 0x0000000100000000)
  eden space 5632K, 0% used [0x00000000d5580000,0x00000000d5580000,0x00000000d5b00000)
  from space 512K, 87% used [0x00000000d6080000,0x00000000d60f0000,0x00000000d6100000)
  to   space 1024K, 0% used [0x00000000d6100000,0x00000000d6100000,0x00000000d6200000)
 ParOldGen       total 87040K, used 86957K [0x0000000080000000, 0x0000000085500000, 0x00000000d5580000)
  object space 87040K, 99% used [0x0000000080000000,0x00000000854eb430,0x0000000085500000)
 Metaspace       used 64810K, committed 66240K, reserved 1114112K
  class space    used 6830K, committed 7424K, reserved 1048576K
}
Event: 1499.699 GC heap before
{Heap before GC invocations=85 (full 3):
 PSYoungGen      total 6144K, used 6080K [0x00000000d5580000, 0x00000000d6200000, 0x0000000100000000)
  eden space 5632K, 100% used [0x00000000d5580000,0x00000000d5b00000,0x00000000d5b00000)
  from space 512K, 87% used [0x00000000d6080000,0x00000000d60f0000,0x00000000d6100000)
  to   space 1024K, 0% used [0x00000000d6100000,0x00000000d6100000,0x00000000d6200000)
 ParOldGen       total 87040K, used 86961K [0x0000000080000000, 0x0000000085500000, 0x00000000d5580000)
  object space 87040K, 99% used [0x0000000080000000,0x00000000854ec560,0x0000000085500000)
 Metaspace       used 64921K, committed 66304K, reserved 1114112K
  class space    used 6844K, committed 7424K, reserved 1048576K
}
Event: 1503.727 GC heap after
{Heap after GC invocations=85 (full 3):
 PSYoungGen      total 6144K, used 6080K [0x00000000d5580000, 0x00000000d6200000, 0x0000000100000000)
  eden space 5632K, 100% used [0x00000000d5580000,0x00000000d5b00000,0x00000000d5b00000)
  from space 512K, 87% used [0x00000000d6080000,0x00000000d60f0000,0x00000000d6100000)
  to   space 1024K, 99% used [0x00000000d6100000,0x00000000d61fd970,0x00000000d6200000)
 ParOldGen       total 87552K, used 87450K [0x0000000080000000, 0x0000000085580000, 0x00000000d5580000)
  object space 87552K, 99% used [0x0000000080000000,0x0000000085566920,0x0000000085580000)
 Metaspace       used 64921K, committed 66304K, reserved 1114112K
  class space    used 6844K, committed 7424K, reserved 1048576K
}
Event: 1503.727 GC heap before
{Heap before GC invocations=86 (full 4):
 PSYoungGen      total 6144K, used 6080K [0x00000000d5580000, 0x00000000d6200000, 0x0000000100000000)
  eden space 5632K, 100% used [0x00000000d5580000,0x00000000d5b00000,0x00000000d5b00000)
  from space 512K, 87% used [0x00000000d6080000,0x00000000d60f0000,0x00000000d6100000)
  to   space 1024K, 99% used [0x00000000d6100000,0x00000000d61fd970,0x00000000d6200000)
 ParOldGen       total 87552K, used 87450K [0x0000000080000000, 0x0000000085580000, 0x00000000d5580000)
  object space 87552K, 99% used [0x0000000080000000,0x0000000085566920,0x0000000085580000)
 Metaspace       used 64921K, committed 66304K, reserved 1114112K
  class space    used 6844K, committed 7424K, reserved 1048576K
}
Event: 1504.224 GC heap after
{Heap after GC invocations=86 (full 4):
 PSYoungGen      total 7680K, used 0K [0x00000000d5580000, 0x00000000d6180000, 0x0000000100000000)
  eden space 7168K, 0% used [0x00000000d5580000,0x00000000d5580000,0x00000000d5c80000)
  from space 512K, 0% used [0x00000000d6100000,0x00000000d6100000,0x00000000d6180000)
  to   space 1024K, 0% used [0x00000000d5f80000,0x00000000d5f80000,0x00000000d6080000)
 ParOldGen       total 84992K, used 57997K [0x0000000080000000, 0x0000000085300000, 0x00000000d5580000)
  object space 84992K, 68% used [0x0000000080000000,0x00000000838a36f8,0x0000000085300000)
 Metaspace       used 64919K, committed 66304K, reserved 1114112K
  class space    used 6844K, committed 7424K, reserved 1048576K
}
Event: 1504.278 GC heap before
{Heap before GC invocations=87 (full 4):
 PSYoungGen      total 7680K, used 7168K [0x00000000d5580000, 0x00000000d6180000, 0x0000000100000000)
  eden space 7168K, 100% used [0x00000000d5580000,0x00000000d5c80000,0x00000000d5c80000)
  from space 512K, 0% used [0x00000000d6100000,0x00000000d6100000,0x00000000d6180000)
  to   space 1024K, 0% used [0x00000000d5f80000,0x00000000d5f80000,0x00000000d6080000)
 ParOldGen       total 84992K, used 58186K [0x0000000080000000, 0x0000000085300000, 0x00000000d5580000)
  object space 84992K, 68% used [0x0000000080000000,0x00000000838d2808,0x0000000085300000)
 Metaspace       used 65251K, committed 66624K, reserved 1114112K
  class space    used 6854K, committed 7424K, reserved 1048576K
}
Event: 1504.280 GC heap after
{Heap after GC invocations=87 (full 4):
 PSYoungGen      total 8192K, used 676K [0x00000000d5580000, 0x00000000d6180000, 0x0000000100000000)
  eden space 7168K, 0% used [0x00000000d5580000,0x00000000d5580000,0x00000000d5c80000)
  from space 1024K, 66% used [0x00000000d5f80000,0x00000000d6029230,0x00000000d6080000)
  to   space 1024K, 0% used [0x00000000d6080000,0x00000000d6080000,0x00000000d6180000)
 ParOldGen       total 84992K, used 58194K [0x0000000080000000, 0x0000000085300000, 0x00000000d5580000)
  object space 84992K, 68% used [0x0000000080000000,0x00000000838d4808,0x0000000085300000)
 Metaspace       used 65251K, committed 66624K, reserved 1114112K
  class space    used 6854K, committed 7424K, reserved 1048576K
}
Event: 1504.440 GC heap before
{Heap before GC invocations=88 (full 4):
 PSYoungGen      total 8192K, used 7844K [0x00000000d5580000, 0x00000000d6180000, 0x0000000100000000)
  eden space 7168K, 100% used [0x00000000d5580000,0x00000000d5c80000,0x00000000d5c80000)
  from space 1024K, 66% used [0x00000000d5f80000,0x00000000d6029230,0x00000000d6080000)
  to   space 1024K, 0% used [0x00000000d6080000,0x00000000d6080000,0x00000000d6180000)
 ParOldGen       total 84992K, used 58194K [0x0000000080000000, 0x0000000085300000, 0x00000000d5580000)
  object space 84992K, 68% used [0x0000000080000000,0x00000000838d4808,0x0000000085300000)
 Metaspace       used 65696K, committed 67072K, reserved 1114112K
  class space    used 6898K, committed 7488K, reserved 1048576K
}
Event: 1504.442 GC heap after
{Heap after GC invocations=88 (full 4):
 PSYoungGen      total 8192K, used 1002K [0x00000000d5580000, 0x00000000d6180000, 0x0000000100000000)
  eden space 7168K, 0% used [0x00000000d5580000,0x00000000d5580000,0x00000000d5c80000)
  from space 1024K, 97% used [0x00000000d6080000,0x00000000d617aa38,0x00000000d6180000)
  to   space 2048K, 0% used [0x00000000d5d80000,0x00000000d5d80000,0x00000000d5f80000)
 ParOldGen       total 84992K, used 58638K [0x0000000080000000, 0x0000000085300000, 0x00000000d5580000)
  object space 84992K, 68% used [0x0000000080000000,0x0000000083943a28,0x0000000085300000)
 Metaspace       used 65696K, committed 67072K, reserved 1114112K
  class space    used 6898K, committed 7488K, reserved 1048576K
}
Event: 1504.571 GC heap before
{Heap before GC invocations=89 (full 4):
 PSYoungGen      total 8192K, used 8170K [0x00000000d5580000, 0x00000000d6180000, 0x0000000100000000)
  eden space 7168K, 100% used [0x00000000d5580000,0x00000000d5c80000,0x00000000d5c80000)
  from space 1024K, 97% used [0x00000000d6080000,0x00000000d617aa38,0x00000000d6180000)
  to   space 2048K, 0% used [0x00000000d5d80000,0x00000000d5d80000,0x00000000d5f80000)
 ParOldGen       total 84992K, used 58638K [0x0000000080000000, 0x0000000085300000, 0x00000000d5580000)
  object space 84992K, 68% used [0x0000000080000000,0x0000000083943a28,0x0000000085300000)
 Metaspace       used 66335K, committed 67712K, reserved 1114112K
  class space    used 6959K, committed 7552K, reserved 1048576K
}
Event: 1504.573 GC heap after
{Heap after GC invocations=89 (full 4):
 PSYoungGen      total 9216K, used 704K [0x00000000d5580000, 0x00000000d6100000, 0x0000000100000000)
  eden space 7168K, 0% used [0x00000000d5580000,0x00000000d5580000,0x00000000d5c80000)
  from space 2048K, 34% used [0x00000000d5d80000,0x00000000d5e30000,0x00000000d5f80000)
  to   space 1024K, 0% used [0x00000000d6000000,0x00000000d6000000,0x00000000d6100000)
 ParOldGen       total 84992K, used 59361K [0x0000000080000000, 0x0000000085300000, 0x00000000d5580000)
  object space 84992K, 69% used [0x0000000080000000,0x00000000839f8458,0x0000000085300000)
 Metaspace       used 66335K, committed 67712K, reserved 1114112K
  class space    used 6959K, committed 7552K, reserved 1048576K
}

Dll operation events (10 events):
Event: 0.564 Loaded shared library c:\Users\ankit\.vscode\extensions\redhat.java-1.52.0-win32-x64\jre\21.0.9-win32-x86_64\bin\java.dll
Event: 0.814 Loaded shared library c:\Users\ankit\.vscode\extensions\redhat.java-1.52.0-win32-x64\jre\21.0.9-win32-x86_64\bin\zip.dll
Event: 0.844 Loaded shared library C:\Users\ankit\.vscode\extensions\redhat.java-1.52.0-win32-x64\jre\21.0.9-win32-x86_64\bin\instrument.dll
Event: 0.929 Loaded shared library C:\Users\ankit\.vscode\extensions\redhat.java-1.52.0-win32-x64\jre\21.0.9-win32-x86_64\bin\net.dll
Event: 0.999 Loaded shared library C:\Users\ankit\.vscode\extensions\redhat.java-1.52.0-win32-x64\jre\21.0.9-win32-x86_64\bin\nio.dll
Event: 1.005 Loaded shared library C:\Users\ankit\.vscode\extensions\redhat.java-1.52.0-win32-x64\jre\21.0.9-win32-x86_64\bin\zip.dll
Event: 1.044 Loaded shared library C:\Users\ankit\.vscode\extensions\redhat.java-1.52.0-win32-x64\jre\21.0.9-win32-x86_64\bin\jimage.dll
Event: 1.228 Loaded shared library c:\Users\ankit\.vscode\extensions\redhat.java-1.52.0-win32-x64\jre\21.0.9-win32-x86_64\bin\verify.dll
Event: 31.353 Loaded shared library C:\Users\ankit\AppData\Roaming\Code\User\globalStorage\redhat.java\1.52.0\config_win\org.eclipse.equinox.launcher\org.eclipse.equinox.launcher.win32.win32.x86_64_1.2.1500.v20260121-1430\eclipse_11919.dll
Event: 44.518 Loaded shared library C:\Users\ankit\AppData\Local\Temp\jna-92964745\jna13232791231148980642.dll

Deoptimization events (20 events):
Event: 1504.255 Thread 0x0000023d69e09ac0 DEOPT PACKING pc=0x0000023d0f63a30b sp=0x0000009403efdd60
Event: 1504.255 Thread 0x0000023d69e09ac0 DEOPT UNPACKING pc=0x0000023d15b778e2 sp=0x0000009403efd248 mode 0
Event: 1504.336 Thread 0x0000023d6df23ed0 DEOPT PACKING pc=0x0000023d0eb10e48 sp=0x00000094040fdac0
Event: 1504.337 Thread 0x0000023d6df23ed0 DEOPT UNPACKING pc=0x0000023d15b778e2 sp=0x00000094040fcf78 mode 0
Event: 1504.434 Thread 0x0000023d6df23ed0 DEOPT PACKING pc=0x0000023d0eb10e48 sp=0x00000094040fd9b0
Event: 1504.434 Thread 0x0000023d6df23ed0 DEOPT UNPACKING pc=0x0000023d15b778e2 sp=0x00000094040fce68 mode 0
Event: 1504.502 Thread 0x0000023d6df23ed0 Uncommon trap: trap_request=0xffffff45 fr.pc=0x0000023d167c4e20 relative=0x0000000000001100
Event: 1504.502 Thread 0x0000023d6df23ed0 Uncommon trap: reason=unstable_if action=reinterpret pc=0x0000023d167c4e20 method=org.lombokweb.asm.MethodWriter.putMethodInfo(Lorg/lombokweb/asm/ByteVector;)V @ 136 c2
Event: 1504.502 Thread 0x0000023d6df23ed0 DEOPT PACKING pc=0x0000023d167c4e20 sp=0x00000094040fc580
Event: 1504.502 Thread 0x0000023d6df23ed0 DEOPT UNPACKING pc=0x0000023d15b76da2 sp=0x00000094040fc528 mode 2
Event: 1504.599 Thread 0x0000023d6df23ed0 Uncommon trap: trap_request=0xffffff45 fr.pc=0x0000023d1639befc relative=0x000000000000413c
Event: 1504.599 Thread 0x0000023d6df23ed0 Uncommon trap: reason=unstable_if action=reinterpret pc=0x0000023d1639befc method=org.eclipse.jdt.internal.compiler.classfmt.ClassFileReader.<init>([B[CZ)V @ 91 c2
Event: 1504.599 Thread 0x0000023d6df23ed0 DEOPT PACKING pc=0x0000023d1639befc sp=0x00000094040fd9a0
Event: 1504.599 Thread 0x0000023d6df23ed0 DEOPT UNPACKING pc=0x0000023d15b76da2 sp=0x00000094040fd950 mode 2
Event: 1504.642 Thread 0x0000023d6df23ed0 DEOPT PACKING pc=0x0000023d0f025c71 sp=0x00000094040f8d30
Event: 1504.642 Thread 0x0000023d6df23ed0 DEOPT UNPACKING pc=0x0000023d15b778e2 sp=0x00000094040f82d8 mode 0
Event: 1504.653 Thread 0x0000023d6df23ed0 Uncommon trap: trap_request=0xffffffde fr.pc=0x0000023d165c2998 relative=0x0000000000000078
Event: 1504.653 Thread 0x0000023d6df23ed0 Uncommon trap: reason=class_check action=maybe_recompile pc=0x0000023d165c2998 method=java.util.LinkedHashMap.afterNodeInsertion(Z)V @ 15 c2
Event: 1504.653 Thread 0x0000023d6df23ed0 DEOPT PACKING pc=0x0000023d165c2998 sp=0x00000094040fea40
Event: 1504.653 Thread 0x0000023d6df23ed0 DEOPT UNPACKING pc=0x0000023d15b76da2 sp=0x00000094040fe9b8 mode 2

Classes loaded (20 events):
Event: 793.218 Loading class java/util/stream/DistinctOps
Event: 793.227 Loading class java/util/stream/DistinctOps done
Event: 793.227 Loading class java/util/stream/DistinctOps$1
Event: 793.240 Loading class java/util/stream/DistinctOps$1 done
Event: 793.335 Loading class java/util/stream/DistinctOps$1$2
Event: 793.340 Loading class java/util/stream/DistinctOps$1$2 done
Event: 1497.626 Loading class org/xml/sax/SAXNotRecognizedException
Event: 1497.630 Loading class org/xml/sax/SAXNotRecognizedException done
Event: 1497.630 Loading class org/xml/sax/SAXNotSupportedException
Event: 1497.632 Loading class org/xml/sax/SAXNotSupportedException done
Event: 1497.650 Loading class com/sun/org/apache/xerces/internal/util/URI
Event: 1497.669 Loading class com/sun/org/apache/xerces/internal/util/URI done
Event: 1497.679 Loading class com/sun/org/apache/xerces/internal/xni/XNIException
Event: 1497.682 Loading class com/sun/org/apache/xerces/internal/xni/XNIException done
Event: 1497.683 Loading class com/sun/org/apache/xerces/internal/xni/parser/XMLParseException
Event: 1497.685 Loading class com/sun/org/apache/xerces/internal/xni/parser/XMLParseException done
Event: 1498.080 Loading class java/lang/UnsupportedClassVersionError
Event: 1498.081 Loading class java/lang/UnsupportedClassVersionError done
Event: 1504.527 Loading class jdk/internal/ref/CleanerImpl$InnocuousThreadFactory
Event: 1504.528 Loading class jdk/internal/ref/CleanerImpl$InnocuousThreadFactory done

Classes unloaded (10 events):
Event: 45.060 Thread 0x0000023d21e837e0 Unloading class 0x0000023d231b4800 'java/lang/invoke/LambdaForm$MH+0x0000023d231b4800'
Event: 45.060 Thread 0x0000023d21e837e0 Unloading class 0x0000023d231b4400 'java/lang/invoke/LambdaForm$MH+0x0000023d231b4400'
Event: 45.060 Thread 0x0000023d21e837e0 Unloading class 0x0000023d231b4000 'java/lang/invoke/LambdaForm$MH+0x0000023d231b4000'
Event: 45.060 Thread 0x0000023d21e837e0 Unloading class 0x0000023d231b3c00 'java/lang/invoke/LambdaForm$MH+0x0000023d231b3c00'
Event: 45.060 Thread 0x0000023d21e837e0 Unloading class 0x0000023d231b3800 'java/lang/invoke/LambdaForm$BMH+0x0000023d231b3800'
Event: 45.060 Thread 0x0000023d21e837e0 Unloading class 0x0000023d231b3400 'java/lang/invoke/LambdaForm$DMH+0x0000023d231b3400'
Event: 45.060 Thread 0x0000023d21e837e0 Unloading class 0x0000023d231b2000 'java/lang/invoke/LambdaForm$DMH+0x0000023d231b2000'
Event: 79.858 Thread 0x0000023d21e837e0 Unloading class 0x0000023d23694800 'java/lang/invoke/LambdaForm$DMH+0x0000023d23694800'
Event: 79.858 Thread 0x0000023d21e837e0 Unloading class 0x0000023d23694400 'java/lang/invoke/LambdaForm$DMH+0x0000023d23694400'
Event: 1503.771 Thread 0x0000023d21e837e0 Unloading class 0x0000023d23708c00 'java/lang/invoke/LambdaForm$DMH+0x0000023d23708c00'

Classes redefined (0 events):
No events

Internal exceptions (20 events):
Event: 82.322 Thread 0x0000023d69e09ac0 Exception <a 'java/lang/NoSuchMethodError'{0x00000000d65048a0}: 'java.lang.Object java.lang.invoke.DirectMethodHandle$Holder.invokeStatic(java.lang.Object, java.lang.Object, int, java.lang.Object)'> (0x00000000d65048a0) 
thrown [s\src\hotspot\share\interpreter\linkResolver.cpp, line 773]
Event: 82.324 Thread 0x0000023d69e09ac0 Exception <a 'java/lang/NoSuchMethodError'{0x00000000d650b200}: 'java.lang.Object java.lang.invoke.DirectMethodHandle$Holder.newInvokeSpecial(java.lang.Object, java.lang.Object, int)'> (0x00000000d650b200) 
thrown [s\src\hotspot\share\interpreter\linkResolver.cpp, line 773]
Event: 345.937 Thread 0x0000023d69e06640 Exception <a 'sun/nio/fs/WindowsException'{0x00000000d57f8220}> (0x00000000d57f8220) 
thrown [s\src\hotspot\share\prims\jni.cpp, line 520]
Event: 345.939 Thread 0x0000023d69e06640 Exception <a 'sun/nio/fs/WindowsException'{0x00000000d57f8cd0}> (0x00000000d57f8cd0) 
thrown [s\src\hotspot\share\prims\jni.cpp, line 520]
Event: 345.947 Thread 0x0000023d69e06640 Implicit null exception at 0x0000023d16786686 to 0x0000023d16786a0c
Event: 346.048 Thread 0x0000023d69e06640 Exception <a 'java/lang/NoSuchMethodError'{0x00000000d58942d0}: static [J.<clinit>()V> (0x00000000d58942d0) 
thrown [s\src\hotspot\share\prims\jni.cpp, line 1111]
Event: 346.087 Thread 0x0000023d69e06640 Exception <a 'java/lang/NoSuchMethodError'{0x00000000d58c8f28}: 'java.lang.Object java.lang.invoke.DirectMethodHandle$Holder.newInvokeSpecial(java.lang.Object, java.lang.Object, java.lang.Object, java.lang.Object, java.lang.Object, java.lang.Object, java.lang.Object, java.lang.Object)'> (0x00000000d58c8f28) 
thrown [s\src\hotspot\share\interpreter\linkResolver.cpp, line 773]
Event: 1496.891 Thread 0x0000023d6e01d660 Exception <a 'sun/nio/fs/WindowsException'{0x00000000d59e34f0}> (0x00000000d59e34f0) 
thrown [s\src\hotspot\share\prims\jni.cpp, line 520]
Event: 1496.892 Thread 0x0000023d6e01d660 Exception <a 'sun/nio/fs/WindowsException'{0x00000000d59e3fa0}> (0x00000000d59e3fa0) 
thrown [s\src\hotspot\share\prims\jni.cpp, line 520]
Event: 1497.599 Thread 0x0000023d69e0a150 Exception <a 'sun/nio/fs/WindowsException'{0x00000000d5986ad8}> (0x00000000d5986ad8) 
thrown [s\src\hotspot\share\prims\jni.cpp, line 520]
Event: 1497.893 Thread 0x0000023d6e01d660 Exception <a 'java/lang/IncompatibleClassChangeError'{0x00000000d55c7540}: Found class java.lang.Object, but interface was expected> (0x00000000d55c7540) 
thrown [s\src\hotspot\share\interpreter\linkResolver.cpp, line 840]
Event: 1497.924 Thread 0x0000023d6e01d660 Exception <a 'java/lang/IncompatibleClassChangeError'{0x00000000d5647b08}: Found class java.lang.Object, but interface was expected> (0x00000000d5647b08) 
thrown [s\src\hotspot\share\interpreter\linkResolver.cpp, line 840]
Event: 1497.929 Thread 0x0000023d6e01d660 Exception <a 'java/lang/IncompatibleClassChangeError'{0x00000000d5661800}: Found class java.lang.Object, but interface was expected> (0x00000000d5661800) 
thrown [s\src\hotspot\share\interpreter\linkResolver.cpp, line 840]
Event: 1497.934 Thread 0x0000023d6e01d660 Exception <a 'java/lang/IncompatibleClassChangeError'{0x00000000d567a168}: Found class java.lang.Object, but interface was expected> (0x00000000d567a168) 
thrown [s\src\hotspot\share\interpreter\linkResolver.cpp, line 840]
Event: 1497.966 Thread 0x0000023d6df23ed0 Exception <a 'java/lang/NoSuchMethodError'{0x00000000d5797128}: 'java.lang.Object java.lang.invoke.DirectMethodHandle$Holder.invokeSpecial(java.lang.Object, java.lang.Object, java.lang.Object, java.lang.Object, int, java.lang.Object, java.lang.Object)'> (0x00000000d5797128) 
thrown [s\src\hotspot\share\interpreter\linkResolver.cpp, line 773]
Event: 1497.966 Thread 0x0000023d6df22b20 Exception <a 'java/lang/NoSuchMethodError'{0x00000000d5782d68}: 'java.lang.Object java.lang.invoke.DirectMethodHandle$Holder.invokeSpecial(java.lang.Object, java.lang.Object, java.lang.Object, java.lang.Object, int, java.lang.Object, java.lang.Object)'> (0x00000000d5782d68) 
thrown [s\src\hotspot\share\interpreter\linkResolver.cpp, line 773]
Event: 1498.219 Thread 0x0000023d6df24bf0 Exception <a 'java/lang/NoSuchMethodError'{0x00000000d5612b20}: 'int java.lang.invoke.Invokers$Holder.invokeExact_MT(java.lang.Object, java.lang.Object)'> (0x00000000d5612b20) 
thrown [s\src\hotspot\share\interpreter\linkResolver.cpp, line 773]
Event: 1498.316 Thread 0x0000023d6df24bf0 Exception <a 'java/lang/IncompatibleClassChangeError'{0x00000000d57d9128}: Found class java.lang.Object, but interface was expected> (0x00000000d57d9128) 
thrown [s\src\hotspot\share\interpreter\linkResolver.cpp, line 840]
Event: 1498.428 Thread 0x0000023d6df22b20 Exception <a 'java/lang/ArrayIndexOutOfBoundsException'{0x00000000d5a36190}> (0x00000000d5a36190) 
thrown [s\src\hotspot\share\runtime\sharedRuntime.cpp, line 625]
Event: 1498.508 Thread 0x0000023d6e01d660 Exception <a 'java/lang/IncompatibleClassChangeError'{0x00000000d5639898}: Found class java.lang.Object, but interface was expected> (0x00000000d5639898) 
thrown [s\src\hotspot\share\interpreter\linkResolver.cpp, line 840]

ZGC Phase Switch (0 events):
No events

VM Operations (20 events):
Event: 1498.559 Executing VM operation: ParallelGCFailedAllocation (Allocation Failure)
Event: 1498.562 Executing VM operation: ParallelGCFailedAllocation (Allocation Failure) done
Event: 1498.629 Executing VM operation: ParallelGCFailedAllocation (Allocation Failure)
Event: 1498.632 Executing VM operation: ParallelGCFailedAllocation (Allocation Failure) done
Event: 1499.699 Executing VM operation: ParallelGCFailedAllocation (Allocation Failure)
Event: 1499.699 Executing VM operation: ParallelGCFailedAllocation (Allocation Failure) done
Event: 1499.699 Executing VM operation: ParallelGCSystemGC (GCLocker Initiated GC)
Event: 1504.224 Executing VM operation: ParallelGCSystemGC (GCLocker Initiated GC) done
Event: 1504.224 Executing VM operation: HandshakeAllThreads (HandshakeForDeflation)
Event: 1504.224 Executing VM operation: HandshakeAllThreads (HandshakeForDeflation) done
Event: 1504.225 Executing VM operation: RendezvousGCThreads
Event: 1504.225 Executing VM operation: RendezvousGCThreads done
Event: 1504.263 Executing VM operation: ParallelGCFailedAllocation (Allocation Failure)
Event: 1504.280 Executing VM operation: ParallelGCFailedAllocation (Allocation Failure) done
Event: 1504.440 Executing VM operation: ParallelGCFailedAllocation (Allocation Failure)
Event: 1504.442 Executing VM operation: ParallelGCFailedAllocation (Allocation Failure) done
Event: 1504.571 Executing VM operation: ParallelGCFailedAllocation (Allocation Failure)
Event: 1504.573 Executing VM operation: ParallelGCFailedAllocation (Allocation Failure) done
Event: 1505.587 Executing VM operation: Cleanup
Event: 1505.587 Executing VM operation: Cleanup done

Memory protections (0 events):
No events

Nmethod flushes (20 events):
Event: 1503.965 Thread 0x0000023d21e837e0 flushing  nmethod 0x0000023d0f96c010
Event: 1503.965 Thread 0x0000023d21e837e0 flushing  nmethod 0x0000023d0f975490
Event: 1503.965 Thread 0x0000023d21e837e0 flushing  nmethod 0x0000023d0f983210
Event: 1503.965 Thread 0x0000023d21e837e0 flushing  nmethod 0x0000023d0f9a4f90
Event: 1503.965 Thread 0x0000023d21e837e0 flushing  nmethod 0x0000023d0f9a6210
Event: 1503.965 Thread 0x0000023d21e837e0 flushing  nmethod 0x0000023d0fa77d90
Event: 1503.965 Thread 0x0000023d21e837e0 flushing  nmethod 0x0000023d0faa5a10
Event: 1503.965 Thread 0x0000023d21e837e0 flushing  nmethod 0x0000023d0faa6a90
Event: 1503.965 Thread 0x0000023d21e837e0 flushing  nmethod 0x0000023d0faa6f10
Event: 1503.965 Thread 0x0000023d21e837e0 flushing  nmethod 0x0000023d0faa7590
Event: 1503.965 Thread 0x0000023d21e837e0 flushing  nmethod 0x0000023d0faa8f10
Event: 1503.965 Thread 0x0000023d21e837e0 flushing  nmethod 0x0000023d0faeb610
Event: 1503.965 Thread 0x0000023d21e837e0 flushing  nmethod 0x0000023d0faebc90
Event: 1503.965 Thread 0x0000023d21e837e0 flushing  nmethod 0x0000023d0faec410
Event: 1503.965 Thread 0x0000023d21e837e0 flushing  nmethod 0x0000023d0faecc90
Event: 1503.965 Thread 0x0000023d21e837e0 flushing  nmethod 0x0000023d0faf9190
Event: 1503.965 Thread 0x0000023d21e837e0 flushing  nmethod 0x0000023d0fafe510
Event: 1503.965 Thread 0x0000023d21e837e0 flushing  nmethod 0x0000023d0fb5b790
Event: 1503.965 Thread 0x0000023d21e837e0 flushing osr nmethod 0x0000023d0fba7b10
Event: 1503.965 Thread 0x0000023d21e837e0 flushing  nmethod 0x0000023d0fba8390

Events (20 events):
Event: 345.952 Thread 0x0000023d69e06640 Thread added: 0x0000023d6df1f010
Event: 345.956 Thread 0x0000023d6df1f010 Thread exited: 0x0000023d6df1f010
Event: 381.388 Thread 0x0000023d6df18d00 Thread exited: 0x0000023d6df18d00
Event: 441.391 Thread 0x0000023d6df24bf0 Thread exited: 0x0000023d6df24bf0
Event: 501.407 Thread 0x0000023d6df25fa0 Thread exited: 0x0000023d6df25fa0
Event: 561.417 Thread 0x0000023d6df22b20 Thread exited: 0x0000023d6df22b20
Event: 621.424 Thread 0x0000023d6df21770 Thread exited: 0x0000023d6df21770
Event: 681.447 Thread 0x0000023d6df231b0 Thread exited: 0x0000023d6df231b0
Event: 741.462 Thread 0x0000023d6df25910 Thread exited: 0x0000023d6df25910
Event: 1497.883 Thread 0x0000023d6e01d660 Thread added: 0x0000023d6df1f010
Event: 1497.891 Thread 0x0000023d6df1f010 Thread added: 0x0000023d6df22b20
Event: 1497.927 Thread 0x0000023d6e01d660 Thread added: 0x0000023d6df24bf0
Event: 1497.933 Thread 0x0000023d6e01d660 Thread added: 0x0000023d6df21770
Event: 1497.940 Thread 0x0000023d6e01d660 Thread added: 0x0000023d6df25280
Event: 1497.941 Thread 0x0000023d6e01d660 Thread added: 0x0000023d6df24560
Event: 1497.942 Thread 0x0000023d6df24560 Thread added: 0x0000023d6df23ed0
Event: 1498.599 Thread 0x0000023d6e01d660 Thread added: 0x0000023d6df25910
Event: 1498.612 Thread 0x0000023d6df23ed0 Thread added: 0x0000023d6df25fa0
Event: 1499.695 Thread 0x0000023d69049b20 Thread added: 0x0000023d6dc643e0
Event: 1504.528 Thread 0x0000023d6df23ed0 Thread added: 0x0000023d6df231b0


Dynamic libraries:
0x00007ff6a3df0000 - 0x00007ff6a3dfe000 	c:\Users\ankit\.vscode\extensions\redhat.java-1.52.0-win32-x64\jre\21.0.9-win32-x86_64\bin\java.exe
0x00007ffed57e0000 - 0x00007ffed5a48000 	C:\WINDOWS\SYSTEM32\ntdll.dll
0x00007ffed4320000 - 0x00007ffed43e9000 	C:\WINDOWS\System32\KERNEL32.DLL
0x00007ffed2330000 - 0x00007ffed2721000 	C:\WINDOWS\System32\KERNELBASE.dll
0x00007ffed3100000 - 0x00007ffed324b000 	C:\WINDOWS\System32\ucrtbase.dll
0x00007ffe86030000 - 0x00007ffe8604e000 	c:\Users\ankit\.vscode\extensions\redhat.java-1.52.0-win32-x64\jre\21.0.9-win32-x86_64\bin\VCRUNTIME140.dll
0x00007ffea5130000 - 0x00007ffea5148000 	c:\Users\ankit\.vscode\extensions\redhat.java-1.52.0-win32-x64\jre\21.0.9-win32-x86_64\bin\jli.dll
0x00007ffed5530000 - 0x00007ffed56f6000 	C:\WINDOWS\System32\USER32.dll
0x00007ffed20c0000 - 0x00007ffed20e7000 	C:\WINDOWS\System32\win32u.dll
0x00007ffeb6fc0000 - 0x00007ffeb7253000 	C:\WINDOWS\WinSxS\amd64_microsoft.windows.common-controls_6595b64144ccf1df_6.0.26100.7653_none_3e0b88a0e3318624\COMCTL32.dll
0x00007ffed4cc0000 - 0x00007ffed4ceb000 	C:\WINDOWS\System32\GDI32.dll
0x00007ffed3580000 - 0x00007ffed3629000 	C:\WINDOWS\System32\msvcrt.dll
0x00007ffed3250000 - 0x00007ffed337b000 	C:\WINDOWS\System32\gdi32full.dll
0x00007ffed2730000 - 0x00007ffed27d3000 	C:\WINDOWS\System32\msvcp_win.dll
0x00007ffed4de0000 - 0x00007ffed4e11000 	C:\WINDOWS\System32\IMM32.DLL
0x00007ffea5230000 - 0x00007ffea523c000 	c:\Users\ankit\.vscode\extensions\redhat.java-1.52.0-win32-x64\jre\21.0.9-win32-x86_64\bin\vcruntime140_1.dll
0x00007ffea51a0000 - 0x00007ffea522d000 	c:\Users\ankit\.vscode\extensions\redhat.java-1.52.0-win32-x64\jre\21.0.9-win32-x86_64\bin\msvcp140.dll
0x00007ffe241c0000 - 0x00007ffe24f60000 	c:\Users\ankit\.vscode\extensions\redhat.java-1.52.0-win32-x64\jre\21.0.9-win32-x86_64\bin\server\jvm.dll
0x00007ffed44a0000 - 0x00007ffed4554000 	C:\WINDOWS\System32\ADVAPI32.dll
0x00007ffed43f0000 - 0x00007ffed4496000 	C:\WINDOWS\System32\sechost.dll
0x00007ffed4ec0000 - 0x00007ffed4fd8000 	C:\WINDOWS\System32\RPCRT4.dll
0x00007ffed3a20000 - 0x00007ffed3a94000 	C:\WINDOWS\System32\WS2_32.dll
0x00007ffeca940000 - 0x00007ffeca975000 	C:\WINDOWS\SYSTEM32\WINMM.dll
0x00007ffeca930000 - 0x00007ffeca93b000 	C:\WINDOWS\SYSTEM32\VERSION.dll
0x00007ffed1f20000 - 0x00007ffed1f7e000 	C:\WINDOWS\SYSTEM32\POWRPROF.dll
0x00007ffed1f00000 - 0x00007ffed1f14000 	C:\WINDOWS\SYSTEM32\UMPDC.dll
0x00007ffed0e10000 - 0x00007ffed0e2b000 	C:\WINDOWS\SYSTEM32\kernel.appcore.dll
0x00007ffea5190000 - 0x00007ffea519a000 	c:\Users\ankit\.vscode\extensions\redhat.java-1.52.0-win32-x64\jre\21.0.9-win32-x86_64\bin\jimage.dll
0x00007ffed0040000 - 0x00007ffed0282000 	C:\WINDOWS\SYSTEM32\DBGHELP.DLL
0x00007ffed5150000 - 0x00007ffed54d6000 	C:\WINDOWS\System32\combase.dll
0x00007ffed4cf0000 - 0x00007ffed4dc7000 	C:\WINDOWS\System32\OLEAUT32.dll
0x00007ffeb85c0000 - 0x00007ffeb85fb000 	C:\WINDOWS\SYSTEM32\dbgcore.DLL
0x00007ffed3050000 - 0x00007ffed30f5000 	C:\WINDOWS\System32\bcryptPrimitives.dll
0x00007ffea5170000 - 0x00007ffea517f000 	c:\Users\ankit\.vscode\extensions\redhat.java-1.52.0-win32-x64\jre\21.0.9-win32-x86_64\bin\instrument.dll
0x00007ffea5150000 - 0x00007ffea5170000 	c:\Users\ankit\.vscode\extensions\redhat.java-1.52.0-win32-x64\jre\21.0.9-win32-x86_64\bin\java.dll
0x00007ffed4560000 - 0x00007ffed4cb1000 	C:\WINDOWS\System32\SHELL32.dll
0x00007ffed3410000 - 0x00007ffed357a000 	C:\WINDOWS\System32\wintypes.dll
0x00007ffed27e0000 - 0x00007ffed3044000 	C:\WINDOWS\System32\windows.storage.dll
0x00007ffed3920000 - 0x00007ffed3a16000 	C:\WINDOWS\System32\SHCORE.dll
0x00007ffed38b0000 - 0x00007ffed3917000 	C:\WINDOWS\System32\shlwapi.dll
0x00007ffed1fe0000 - 0x00007ffed2008000 	C:\WINDOWS\SYSTEM32\profapi.dll
0x00007ffea5110000 - 0x00007ffea5128000 	c:\Users\ankit\.vscode\extensions\redhat.java-1.52.0-win32-x64\jre\21.0.9-win32-x86_64\bin\zip.dll
0x00007ffea5180000 - 0x00007ffea5190000 	C:\Users\ankit\.vscode\extensions\redhat.java-1.52.0-win32-x64\jre\21.0.9-win32-x86_64\bin\net.dll
0x00007ffec82a0000 - 0x00007ffec83c7000 	C:\WINDOWS\SYSTEM32\WINHTTP.dll
0x00007ffed13e0000 - 0x00007ffed144b000 	C:\WINDOWS\system32\mswsock.dll
0x00007ffea50f0000 - 0x00007ffea5106000 	C:\Users\ankit\.vscode\extensions\redhat.java-1.52.0-win32-x64\jre\21.0.9-win32-x86_64\bin\nio.dll
0x00007ffea50e0000 - 0x00007ffea50f0000 	c:\Users\ankit\.vscode\extensions\redhat.java-1.52.0-win32-x64\jre\21.0.9-win32-x86_64\bin\verify.dll
0x00007ffe26ee0000 - 0x00007ffe26f25000 	C:\Users\ankit\AppData\Roaming\Code\User\globalStorage\redhat.java\1.52.0\config_win\org.eclipse.equinox.launcher\org.eclipse.equinox.launcher.win32.win32.x86_64_1.2.1500.v20260121-1430\eclipse_11919.dll
0x00007ffed4180000 - 0x00007ffed4317000 	C:\WINDOWS\System32\ole32.dll
0x00007ffed16a0000 - 0x00007ffed16bb000 	C:\WINDOWS\SYSTEM32\CRYPTSP.dll
0x00007ffed0dd0000 - 0x00007ffed0e09000 	C:\WINDOWS\system32\rsaenh.dll
0x00007ffed1490000 - 0x00007ffed14bb000 	C:\WINDOWS\SYSTEM32\USERENV.dll
0x00007ffed1fb0000 - 0x00007ffed1fda000 	C:\WINDOWS\SYSTEM32\bcrypt.dll
0x00007ffed16c0000 - 0x00007ffed16cc000 	C:\WINDOWS\SYSTEM32\CRYPTBASE.dll
0x00007ffed0890000 - 0x00007ffed08c4000 	C:\WINDOWS\SYSTEM32\IPHLPAPI.DLL
0x00007ffed3f30000 - 0x00007ffed3f3a000 	C:\WINDOWS\System32\NSI.dll
0x00007ffe63030000 - 0x00007ffe63079000 	C:\Users\ankit\AppData\Local\Temp\jna-92964745\jna13232791231148980642.dll
0x00007ffed5790000 - 0x00007ffed5798000 	C:\WINDOWS\System32\PSAPI.DLL
0x00007ffec81e0000 - 0x00007ffec81fe000 	C:\WINDOWS\SYSTEM32\dhcpcsvc6.DLL
0x00007ffec81b0000 - 0x00007ffec81d3000 	C:\WINDOWS\SYSTEM32\dhcpcsvc.DLL

JVMTI agents:
c:\Users\ankit\.vscode\extensions\redhat.java-1.52.0-win32-x64\lombok\lombok-1.18.39-4050.jar path:c:\Users\ankit\.vscode\extensions\redhat.java-1.52.0-win32-x64\jre\21.0.9-win32-x86_64\bin\instrument.dll, loaded, initialized, instrumentlib options:none

dbghelp: loaded successfully - version: 4.0.5 - missing functions: none
symbol engine: initialized successfully - sym options: 0x614 - pdb path: .;c:\Users\ankit\.vscode\extensions\redhat.java-1.52.0-win32-x64\jre\21.0.9-win32-x86_64\bin;C:\WINDOWS\SYSTEM32;C:\WINDOWS\WinSxS\amd64_microsoft.windows.common-controls_6595b64144ccf1df_6.0.26100.7653_none_3e0b88a0e3318624;c:\Users\ankit\.vscode\extensions\redhat.java-1.52.0-win32-x64\jre\21.0.9-win32-x86_64\bin\server;C:\Users\ankit\AppData\Roaming\Code\User\globalStorage\redhat.java\1.52.0\config_win\org.eclipse.equinox.launcher\org.eclipse.equinox.launcher.win32.win32.x86_64_1.2.1500.v20260121-1430;C:\Users\ankit\AppData\Local\Temp\jna-92964745

VM Arguments:
jvm_args: --add-modules=ALL-SYSTEM --add-opens=java.base/java.util=ALL-UNNAMED --add-opens=java.base/java.lang=ALL-UNNAMED --add-opens=java.base/sun.nio.fs=ALL-UNNAMED -Declipse.application=org.eclipse.jdt.ls.core.id1 -Dosgi.bundles.defaultStartLevel=4 -Declipse.product=org.eclipse.jdt.ls.core.product -Djava.import.generatesMetadataFilesAtProjectRoot=false -DDetectVMInstallationsJob.disabled=true -Dfile.encoding=utf8 -XX:+UseParallelGC -XX:GCTimeRatio=4 -XX:AdaptiveSizePolicyWeight=90 -Dsun.zip.disableMemoryMapping=true -Xmx2G -Xms100m -Xlog:disable -javaagent:c:\Users\ankit\.vscode\extensions\redhat.java-1.52.0-win32-x64\lombok\lombok-1.18.39-4050.jar -XX:+HeapDumpOnOutOfMemoryError -XX:HeapDumpPath=c:\Users\ankit\AppData\Roaming\Code\User\workspaceStorage\735c21d7b1809487892ba1ae36f0ccb2\redhat.java -Daether.dependencyCollector.impl=bf 
java_command: c:\Users\ankit\.vscode\extensions\redhat.java-1.52.0-win32-x64\server\plugins\org.eclipse.equinox.launcher_1.7.100.v20251111-0406.jar -configuration c:\Users\ankit\AppData\Roaming\Code\User\globalStorage\redhat.java\1.52.0\config_win -data c:\Users\ankit\AppData\Roaming\Code\User\workspaceStorage\735c21d7b1809487892ba1ae36f0ccb2\redhat.java\jdt_ws --pipe=\\.\pipe\lsp-6d3364c9ee0fd7aadb98ed79b2827e06-sock
java_class_path (initial): c:\Users\ankit\.vscode\extensions\redhat.java-1.52.0-win32-x64\server\plugins\org.eclipse.equinox.launcher_1.7.100.v20251111-0406.jar
Launcher Type: SUN_STANDARD

[Global flags]
    uintx AdaptiveSizePolicyWeight                 = 90                                        {product} {command line}
     intx CICompilerCount                          = 4                                         {product} {ergonomic}
    uintx GCTimeRatio                              = 4                                         {product} {command line}
     bool HeapDumpOnOutOfMemoryError               = true                                   {manageable} {command line}
    ccstr HeapDumpPath                             = c:\Users\ankit\AppData\Roaming\Code\User\workspaceStorage\735c21d7b1809487892ba1ae36f0ccb2\redhat.java         {manageable} {command line}
   size_t InitialHeapSize                          = 104857600                                 {product} {command line}
   size_t MaxHeapSize                              = 2147483648                                {product} {command line}
   size_t MaxNewSize                               = 715653120                                 {product} {ergonomic}
   size_t MinHeapDeltaBytes                        = 524288                                    {product} {ergonomic}
   size_t MinHeapSize                              = 104857600                                 {product} {command line}
   size_t NewSize                                  = 34603008                                  {product} {ergonomic}
    uintx NonNMethodCodeHeapSize                   = 5839372                                {pd product} {ergonomic}
    uintx NonProfiledCodeHeapSize                  = 122909434                              {pd product} {ergonomic}
   size_t OldSize                                  = 70254592                                  {product} {ergonomic}
    uintx ProfiledCodeHeapSize                     = 122909434                              {pd product} {ergonomic}
    uintx ReservedCodeCacheSize                    = 251658240                              {pd product} {ergonomic}
     bool SegmentedCodeCache                       = true                                      {product} {ergonomic}
   size_t SoftMaxHeapSize                          = 2147483648                             {manageable} {ergonomic}
     bool UseCompressedOops                        = true                           {product lp64_product} {ergonomic}
     bool UseLargePagesIndividualAllocation        = false                                  {pd product} {ergonomic}
     bool UseParallelGC                            = true                                      {product} {command line}

Logging:
Log output configuration:
 #0: stdout all=off uptime,level,tags foldmultilines=false
 #1: stderr all=off uptime,level,tags foldmultilines=false

Release file:
JAVA_VERSION="21.0.9" 
MODULES="java.base java.compiler java.datatransfer java.xml java.prefs java.desktop java.instrument java.logging java.management java.security.sasl java.naming java.rmi java.management.rmi java.net.http java.scripting java.security.jgss java.transaction.xa java.sql java.sql.rowset java.xml.crypto java.se java.smartcardio jdk.accessibility jdk.internal.jvmstat jdk.attach jdk.charsets jdk.internal.opt jdk.zipfs jdk.compiler jdk.crypto.ec jdk.crypto.cryptoki jdk.crypto.mscapi jdk.dynalink jdk.internal.ed jdk.editpad jdk.hotspot.agent jdk.httpserver jdk.internal.le jdk.internal.vm.ci jdk.internal.vm.compiler jdk.internal.vm.compiler.management jdk.jartool jdk.javadoc jdk.jcmd jdk.management jdk.management.agent jdk.jconsole jdk.jdeps jdk.jdwp.agent jdk.jdi jdk.jfr jdk.jshell jdk.jsobject jdk.jstatd jdk.localedata jdk.management.jfr jdk.naming.dns jdk.naming.rmi jdk.net jdk.nio.mapmode jdk.random jdk.sctp jdk.security.auth jdk.security.jgss jdk.unsupported jdk.unsupported.desktop jdk.xml.dom" 

Environment Variables:
JAVA_HOME=C:\Users\ankit\AppData\Local\Programs\Eclipse Adoptium\jdk-17.0.17.10-hotspot
PATH=C:\Users\ankit\AppData\Local\Programs\Eclipse Adoptium\jdk-17.0.17.10-hotspot\bin;C:\windows\system32;C:\windows;C:\windows\System32\Wbem;C:\windows\System32\WindowsPowerShell\v1.0\;C:\windows\System32\OpenSSH\;C:\Program Files (x86)\NVIDIA Corporation\PhysX\Common;C:\Program Files\NVIDIA Corporation\NVIDIA NvDLISR;C:\WINDOWS\system32;C:\WINDOWS;C:\WINDOWS\System32\Wbem;C:\WINDOWS\System32\WindowsPowerShell\v1.0\;C:\WINDOWS\System32\OpenSSH\;C:\Program Files\nodejs\;C:\Program Files\Git\cmd;C:\Program Files\Git\mingw64\bin;C:\Program Files\Git\usr\bin;C:\Program Files\MongoDB\Server\8.0\bin;C:\Program Files\cursor\resources\app\bin;C:\Users\ankit\OneDrive\Documents\Desktop\apache-maven-3.9.11\bin;;C:\Program Files\Docker\Docker\resources\bin;C:\Users\ankit\AppData\Local\Programs\Eclipse Adoptium\jdk-17.0.17.10-hotspot\bin;C:\Program Files\MySQL\MySQL Shell 8.0\bin\;C:\Users\ankit\AppData\Local\Programs\Python\Python313\Scripts\;C:\Users\ankit\AppData\Local\Programs\Python\Python313\;C:\Users\ankit\AppData\Local\Programs\Python\Launcher\;C:\Users\ankit\AppData\Local\Microsoft\WindowsApps;C:\Users\ankit\AppData\Local\Programs\Microsoft VS Code\bin;C:\Users\ankit\AppData\Roaming\npm;C:\Program Files\mongosh\
USERNAME=ankit
OS=Windows_NT
PROCESSOR_IDENTIFIER=Intel64 Family 6 Model 141 Stepping 1, GenuineIntel
TMP=C:\Users\ankit\AppData\Local\Temp
TEMP=C:\Users\ankit\AppData\Local\Temp




Periodic native trim disabled

---------------  S Y S T E M  ---------------

OS:
 Windows 11 , 64 bit Build 26100 (10.0.26100.7653)
OS uptime: 0 days 0:26 hours
Hyper-V role detected

CPU: total 12 (initial active 12) (6 cores per cpu, 2 threads per core) family 6 model 141 stepping 1 microcode 0x56, cx8, cmov, fxsr, ht, mmx, 3dnowpref, sse, sse2, sse3, ssse3, sse4.1, sse4.2, popcnt, lzcnt, tsc, tscinvbit, avx, avx2, aes, erms, clmul, bmi1, bmi2, adx, avx512f, avx512dq, avx512cd, avx512bw, avx512vl, sha, fma, vzeroupper, avx512_vpopcntdq, avx512_vpclmulqdq, avx512_vaes, avx512_vnni, clflush, clflushopt, clwb, avx512_vbmi2, avx512_vbmi, hv, rdtscp, rdpid, fsrm, gfni, avx512_bitalg, f16c, cet_ibt, cet_ss, avx512_ifma
Processor Information for the first 12 processors :
  Max Mhz: 2688, Current Mhz: 2688, Mhz Limit: 2688

Memory: 4k page, system-wide physical 7830M (650M free)
TotalPageFile size 16022M (AvailPageFile size 7M)
current process WorkingSet (physical memory assigned to process): 294M, peak: 322M
current process commit charge ("private bytes"): 406M, peak: 1670M

vm_info: OpenJDK 64-Bit Server VM (21.0.9+10-LTS) for windows-amd64 JRE (21.0.9+10-LTS), built on 2025-10-21T00:00:00Z by "admin" with unknown MS VC++:1942

END.
